2017-09-06 11:36:41,130 INFO  context.ContextLoader - Root WebApplicationContext: initialization started
2017-09-06 11:36:41,743 INFO  support.XmlWebApplicationContext - Refreshing Root WebApplicationContext: startup date [Wed Sep 06 11:36:41 CST 2017]; root of context hierarchy
2017-09-06 11:36:41,796 INFO  xml.XmlBeanDefinitionReader - Loading XML bean definitions from ServletContext resource [/WEB-INF/applicationContext.xml]
2017-09-06 11:36:42,318 INFO  support.DefaultListableBeanFactory - Pre-instantiating singletons in org.springframework.beans.factory.support.DefaultListableBeanFactory@24dee999: defining beans [servletContext,org.springframework.web.servlet.mvc.annotation.DefaultAnnotationHandlerMapping#0,org.springframework.web.servlet.mvc.annotation.AnnotationMethodHandlerAdapter#0,adminController,configController,loginController,notifyController,adminService,configService,diskService,notifyService,persistService,timerTaskService,org.springframework.context.annotation.internalConfigurationAnnotationProcessor,org.springframework.context.annotation.internalAutowiredAnnotationProcessor,org.springframework.context.annotation.internalRequiredAnnotationProcessor,org.springframework.context.annotation.internalCommonAnnotationProcessor,org.springframework.context.annotation.ConfigurationClassPostProcessor$ImportAwareBeanPostProcessor#0]; root of factory hierarchy
2017-09-06 11:36:42,426 INFO  service.NotifyService - 节点列表:{}
2017-09-06 11:36:42,464 INFO  annotation.DefaultAnnotationHandlerMapping - Mapped URL path [/admin.do] onto handler 'adminController'
2017-09-06 11:36:42,470 INFO  annotation.DefaultAnnotationHandlerMapping - Mapped URL path [/login.do] onto handler 'loginController'
2017-09-06 11:36:42,475 INFO  annotation.DefaultAnnotationHandlerMapping - Mapped URL path [/notify.do] onto handler 'notifyController'
2017-09-06 11:36:51,140 ERROR service.DumpConfigInfoTask - dump task run error
org.springframework.jdbc.CannotGetJdbcConnectionException: Could not get JDBC Connection; nested exception is org.apache.commons.dbcp.SQLNestedException: Cannot create PoolableConnectionFactory (Could not create connection to database server. Attempted reconnect 3 times. Giving up.)
	at org.springframework.jdbc.datasource.DataSourceUtils.getConnection(DataSourceUtils.java:80)
	at org.springframework.jdbc.core.JdbcTemplate.execute(JdbcTemplate.java:573)
	at org.springframework.jdbc.core.JdbcTemplate.query(JdbcTemplate.java:637)
	at org.springframework.jdbc.core.JdbcTemplate.query(JdbcTemplate.java:666)
	at org.springframework.jdbc.core.JdbcTemplate.query(JdbcTemplate.java:674)
	at org.springframework.jdbc.core.JdbcTemplate.queryForObject(JdbcTemplate.java:729)
	at org.springframework.jdbc.core.JdbcTemplate.queryForObject(JdbcTemplate.java:745)
	at org.springframework.jdbc.core.JdbcTemplate.queryForInt(JdbcTemplate.java:776)
	at com.taobao.diamond.server.utils.PaginationHelper.fetchPage(PaginationHelper.java:58)
	at com.taobao.diamond.server.service.PersistService.findAllConfigInfo(PersistService.java:195)
	at com.taobao.diamond.server.service.DumpConfigInfoTask.run(DumpConfigInfoTask.java:34)
	at com.taobao.diamond.server.service.TimerTaskService.init(TimerTaskService.java:53)
	at sun.reflect.NativeMethodAccessorImpl.invoke0(Native Method)
	at sun.reflect.NativeMethodAccessorImpl.invoke(NativeMethodAccessorImpl.java:57)
	at sun.reflect.DelegatingMethodAccessorImpl.invoke(DelegatingMethodAccessorImpl.java:43)
	at java.lang.reflect.Method.invoke(Method.java:606)
	at org.springframework.beans.factory.annotation.InitDestroyAnnotationBeanPostProcessor$LifecycleElement.invoke(InitDestroyAnnotationBeanPostProcessor.java:346)
	at org.springframework.beans.factory.annotation.InitDestroyAnnotationBeanPostProcessor$LifecycleMetadata.invokeInitMethods(InitDestroyAnnotationBeanPostProcessor.java:299)
	at org.springframework.beans.factory.annotation.InitDestroyAnnotationBeanPostProcessor.postProcessBeforeInitialization(InitDestroyAnnotationBeanPostProcessor.java:132)
	at org.springframework.beans.factory.support.AbstractAutowireCapableBeanFactory.applyBeanPostProcessorsBeforeInitialization(AbstractAutowireCapableBeanFactory.java:394)
	at org.springframework.beans.factory.support.AbstractAutowireCapableBeanFactory.initializeBean(AbstractAutowireCapableBeanFactory.java:1448)
	at org.springframework.beans.factory.support.AbstractAutowireCapableBeanFactory.doCreateBean(AbstractAutowireCapableBeanFactory.java:519)
	at org.springframework.beans.factory.support.AbstractAutowireCapableBeanFactory.createBean(AbstractAutowireCapableBeanFactory.java:456)
	at org.springframework.beans.factory.support.AbstractBeanFactory$1.getObject(AbstractBeanFactory.java:294)
	at org.springframework.beans.factory.support.DefaultSingletonBeanRegistry.getSingleton(DefaultSingletonBeanRegistry.java:225)
	at org.springframework.beans.factory.support.AbstractBeanFactory.doGetBean(AbstractBeanFactory.java:291)
	at org.springframework.beans.factory.support.AbstractBeanFactory.getBean(AbstractBeanFactory.java:193)
	at org.springframework.beans.factory.support.DefaultListableBeanFactory.preInstantiateSingletons(DefaultListableBeanFactory.java:585)
	at org.springframework.context.support.AbstractApplicationContext.finishBeanFactoryInitialization(AbstractApplicationContext.java:913)
	at org.springframework.context.support.AbstractApplicationContext.refresh(AbstractApplicationContext.java:464)
	at org.springframework.web.context.ContextLoader.configureAndRefreshWebApplicationContext(ContextLoader.java:385)
	at org.springframework.web.context.ContextLoader.initWebApplicationContext(ContextLoader.java:284)
	at org.springframework.web.context.ContextLoaderListener.contextInitialized(ContextLoaderListener.java:111)
	at org.mortbay.jetty.handler.ContextHandler.startContext(ContextHandler.java:549)
	at org.mortbay.jetty.servlet.Context.startContext(Context.java:136)
	at org.mortbay.jetty.webapp.WebAppContext.startContext(WebAppContext.java:1282)
	at org.mortbay.jetty.handler.ContextHandler.doStart(ContextHandler.java:518)
	at org.mortbay.jetty.webapp.WebAppContext.doStart(WebAppContext.java:499)
	at org.mortbay.component.AbstractLifeCycle.start(AbstractLifeCycle.java:50)
	at org.mortbay.jetty.handler.HandlerWrapper.doStart(HandlerWrapper.java:130)
	at org.mortbay.jetty.Server.doStart(Server.java:224)
	at org.mortbay.component.AbstractLifeCycle.start(AbstractLifeCycle.java:50)
	at runjettyrun.Bootstrap.main(Bootstrap.java:97)
Caused by: org.apache.commons.dbcp.SQLNestedException: Cannot create PoolableConnectionFactory (Could not create connection to database server. Attempted reconnect 3 times. Giving up.)
	at org.apache.commons.dbcp.BasicDataSource.createDataSource(BasicDataSource.java:1225)
	at org.apache.commons.dbcp.BasicDataSource.getConnection(BasicDataSource.java:880)
	at org.springframework.jdbc.datasource.DataSourceUtils.doGetConnection(DataSourceUtils.java:111)
	at org.springframework.jdbc.datasource.DataSourceUtils.getConnection(DataSourceUtils.java:77)
	... 42 more
Caused by: com.mysql.jdbc.exceptions.jdbc4.MySQLNonTransientConnectionException: Could not create connection to database server. Attempted reconnect 3 times. Giving up.
	at sun.reflect.NativeConstructorAccessorImpl.newInstance0(Native Method)
	at sun.reflect.NativeConstructorAccessorImpl.newInstance(NativeConstructorAccessorImpl.java:57)
	at sun.reflect.DelegatingConstructorAccessorImpl.newInstance(DelegatingConstructorAccessorImpl.java:45)
	at java.lang.reflect.Constructor.newInstance(Constructor.java:526)
	at com.mysql.jdbc.Util.handleNewInstance(Util.java:408)
	at com.mysql.jdbc.Util.getInstance(Util.java:383)
	at com.mysql.jdbc.SQLError.createSQLException(SQLError.java:1023)
	at com.mysql.jdbc.SQLError.createSQLException(SQLError.java:997)
	at com.mysql.jdbc.SQLError.createSQLException(SQLError.java:983)
	at com.mysql.jdbc.SQLError.createSQLException(SQLError.java:928)
	at com.mysql.jdbc.ConnectionImpl.connectWithRetries(ConnectionImpl.java:2407)
	at com.mysql.jdbc.ConnectionImpl.createNewIO(ConnectionImpl.java:2328)
	at com.mysql.jdbc.ConnectionImpl.<init>(ConnectionImpl.java:832)
	at com.mysql.jdbc.JDBC4Connection.<init>(JDBC4Connection.java:46)
	at sun.reflect.NativeConstructorAccessorImpl.newInstance0(Native Method)
	at sun.reflect.NativeConstructorAccessorImpl.newInstance(NativeConstructorAccessorImpl.java:57)
	at sun.reflect.DelegatingConstructorAccessorImpl.newInstance(DelegatingConstructorAccessorImpl.java:45)
	at java.lang.reflect.Constructor.newInstance(Constructor.java:526)
	at com.mysql.jdbc.Util.handleNewInstance(Util.java:408)
	at com.mysql.jdbc.ConnectionImpl.getInstance(ConnectionImpl.java:417)
	at com.mysql.jdbc.NonRegisteringDriver.connect(NonRegisteringDriver.java:344)
	at org.apache.commons.dbcp.DriverConnectionFactory.createConnection(DriverConnectionFactory.java:38)
	at org.apache.commons.dbcp.PoolableConnectionFactory.makeObject(PoolableConnectionFactory.java:294)
	at org.apache.commons.dbcp.BasicDataSource.validateConnectionFactory(BasicDataSource.java:1247)
	at org.apache.commons.dbcp.BasicDataSource.createDataSource(BasicDataSource.java:1221)
	... 45 more
Caused by: com.mysql.jdbc.exceptions.jdbc4.CommunicationsException: Communications link failure

The last packet sent successfully to the server was 0 milliseconds ago. The driver has not received any packets from the server.
	at sun.reflect.NativeConstructorAccessorImpl.newInstance0(Native Method)
	at sun.reflect.NativeConstructorAccessorImpl.newInstance(NativeConstructorAccessorImpl.java:57)
	at sun.reflect.DelegatingConstructorAccessorImpl.newInstance(DelegatingConstructorAccessorImpl.java:45)
	at java.lang.reflect.Constructor.newInstance(Constructor.java:526)
	at com.mysql.jdbc.Util.handleNewInstance(Util.java:408)
	at com.mysql.jdbc.SQLError.createCommunicationsException(SQLError.java:1137)
	at com.mysql.jdbc.MysqlIO.<init>(MysqlIO.java:356)
	at com.mysql.jdbc.ConnectionImpl.coreConnect(ConnectionImpl.java:2504)
	at com.mysql.jdbc.ConnectionImpl.connectWithRetries(ConnectionImpl.java:2346)
	... 59 more
Caused by: java.net.SocketTimeoutException: connect timed out
	at java.net.DualStackPlainSocketImpl.waitForConnect(Native Method)
	at java.net.DualStackPlainSocketImpl.socketConnect(DualStackPlainSocketImpl.java:85)
	at java.net.AbstractPlainSocketImpl.doConnect(AbstractPlainSocketImpl.java:339)
	at java.net.AbstractPlainSocketImpl.connectToAddress(AbstractPlainSocketImpl.java:200)
	at java.net.AbstractPlainSocketImpl.connect(AbstractPlainSocketImpl.java:182)
	at java.net.PlainSocketImpl.connect(PlainSocketImpl.java:172)
	at java.net.SocksSocketImpl.connect(SocksSocketImpl.java:392)
	at java.net.Socket.connect(Socket.java:579)
	at sun.reflect.NativeMethodAccessorImpl.invoke0(Native Method)
	at sun.reflect.NativeMethodAccessorImpl.invoke(NativeMethodAccessorImpl.java:57)
	at sun.reflect.DelegatingMethodAccessorImpl.invoke(DelegatingMethodAccessorImpl.java:43)
	at java.lang.reflect.Method.invoke(Method.java:606)
	at com.mysql.jdbc.StandardSocketFactory.connect(StandardSocketFactory.java:315)
	at com.mysql.jdbc.MysqlIO.<init>(MysqlIO.java:306)
	... 61 more
2017-09-06 11:36:51,327 INFO  context.ContextLoader - Root WebApplicationContext: initialization completed in 10197 ms
2017-09-06 11:36:51,412 INFO  servlet.DispatcherServlet - FrameworkServlet 'diamond': initialization started
2017-09-06 11:36:51,414 INFO  support.XmlWebApplicationContext - Refreshing WebApplicationContext for namespace 'diamond-servlet': startup date [Wed Sep 06 11:36:51 CST 2017]; parent: Root WebApplicationContext
2017-09-06 11:36:51,416 INFO  xml.XmlBeanDefinitionReader - Loading XML bean definitions from ServletContext resource [/WEB-INF/diamond-servlet.xml]
2017-09-06 11:36:51,450 INFO  support.DefaultListableBeanFactory - Pre-instantiating singletons in org.springframework.beans.factory.support.DefaultListableBeanFactory@22d0280b: defining beans [viewResolver]; parent: org.springframework.beans.factory.support.DefaultListableBeanFactory@24dee999
2017-09-06 11:36:51,489 INFO  servlet.DispatcherServlet - FrameworkServlet 'diamond': initialization completed in 77 ms
2017-09-06 11:40:13,977 INFO  context.ContextLoader - Root WebApplicationContext: initialization started
2017-09-06 11:40:14,067 INFO  support.XmlWebApplicationContext - Refreshing Root WebApplicationContext: startup date [Wed Sep 06 11:40:14 CST 2017]; root of context hierarchy
2017-09-06 11:40:14,121 INFO  xml.XmlBeanDefinitionReader - Loading XML bean definitions from ServletContext resource [/WEB-INF/applicationContext.xml]
2017-09-06 11:40:14,423 INFO  support.DefaultListableBeanFactory - Pre-instantiating singletons in org.springframework.beans.factory.support.DefaultListableBeanFactory@647909a7: defining beans [servletContext,org.springframework.web.servlet.mvc.annotation.DefaultAnnotationHandlerMapping#0,org.springframework.web.servlet.mvc.annotation.AnnotationMethodHandlerAdapter#0,adminController,configController,loginController,notifyController,adminService,configService,diskService,notifyService,persistService,timerTaskService,org.springframework.context.annotation.internalConfigurationAnnotationProcessor,org.springframework.context.annotation.internalAutowiredAnnotationProcessor,org.springframework.context.annotation.internalRequiredAnnotationProcessor,org.springframework.context.annotation.internalCommonAnnotationProcessor,org.springframework.context.annotation.ConfigurationClassPostProcessor$ImportAwareBeanPostProcessor#0]; root of factory hierarchy
2017-09-06 11:40:14,641 INFO  service.NotifyService - 节点列表:{}
2017-09-06 11:40:14,672 INFO  annotation.DefaultAnnotationHandlerMapping - Mapped URL path [/admin.do] onto handler 'adminController'
2017-09-06 11:40:14,677 INFO  annotation.DefaultAnnotationHandlerMapping - Mapped URL path [/login.do] onto handler 'loginController'
2017-09-06 11:40:14,684 INFO  annotation.DefaultAnnotationHandlerMapping - Mapped URL path [/notify.do] onto handler 'notifyController'
2017-09-06 11:40:19,229 INFO  context.ContextLoader - Root WebApplicationContext: initialization completed in 5252 ms
2017-09-06 11:40:19,277 INFO  servlet.DispatcherServlet - FrameworkServlet 'diamond': initialization started
2017-09-06 11:40:19,281 INFO  support.XmlWebApplicationContext - Refreshing WebApplicationContext for namespace 'diamond-servlet': startup date [Wed Sep 06 11:40:19 CST 2017]; parent: Root WebApplicationContext
2017-09-06 11:40:19,282 INFO  xml.XmlBeanDefinitionReader - Loading XML bean definitions from ServletContext resource [/WEB-INF/diamond-servlet.xml]
2017-09-06 11:40:19,306 INFO  support.DefaultListableBeanFactory - Pre-instantiating singletons in org.springframework.beans.factory.support.DefaultListableBeanFactory@79fbd25a: defining beans [viewResolver]; parent: org.springframework.beans.factory.support.DefaultListableBeanFactory@647909a7
2017-09-06 11:40:19,367 INFO  servlet.DispatcherServlet - FrameworkServlet 'diamond': initialization completed in 90 ms
